<?xml version="1.0" encoding="UTF-8"?>
<!-- Generated by org.testng.reporters.JUnitReportReporter -->
<testsuite hostname="DESKTOP-BP612FB" failures="0" tests="1" name="com.BootCamp.part1.Difficult_TestCases.CheckTheElementTestQ65" time="8.195" errors="0" timestamp="2024-07-16T13:18:13 EDT" skipped="0">
  <testcase classname="com.BootCamp.part1.Difficult_TestCases.CheckTheElementTestQ65" name="navigateWebElementBrand" time="8.195"/>
</testsuite> <!-- com.BootCamp.part1.Difficult_TestCases.CheckTheElementTestQ65 -->
