<?xml version="1.0" encoding="UTF-8"?>
<!-- Generated by org.testng.reporters.JUnitReportReporter -->
<testsuite hostname="DESKTOP-BP612FB" failures="0" tests="1" name="com.BootCamp.part1.Difficult_TestCases.ProductTest" time="6.798" errors="0" timestamp="2024-07-10T22:10:27 EDT" skipped="0">
  <testcase classname="com.BootCamp.part1.Difficult_TestCases.ProductTest" name="validatesearchProduct" time="6.798"/>
</testsuite> <!-- com.BootCamp.part1.Difficult_TestCases.ProductTest -->
