<?xml version="1.0" encoding="UTF-8"?>
<!-- Generated by org.testng.reporters.JUnitReportReporter -->
<testsuite hostname="DESKTOP-BP612FB" failures="0" tests="1" name="com.BootCamp.part1.Difficult_TestCases.CheckoutTest" time="11.442" errors="0" timestamp="2024-07-16T00:31:04 EDT" skipped="0">
  <testcase classname="com.BootCamp.part1.Difficult_TestCases.CheckoutTest" name="validateCorrectProductPurchased" time="11.442"/>
</testsuite> <!-- com.BootCamp.part1.Difficult_TestCases.CheckoutTest -->
