<?xml version="1.0" encoding="UTF-8"?>
<!-- Generated by org.testng.reporters.JUnitReportReporter -->
<testsuite hostname="DESKTOP-BP612FB" failures="0" tests="1" name="com.BootCamp.part1.Difficult_TestCases.CheckoutTestQ64" time="10.408" errors="0" timestamp="2024-07-16T12:28:07 EDT" skipped="0">
  <testcase classname="com.BootCamp.part1.Difficult_TestCases.CheckoutTestQ64" name="validateCorrectProductPurchased" time="10.408"/>
</testsuite> <!-- com.BootCamp.part1.Difficult_TestCases.CheckoutTestQ64 -->
