<?xml version="1.0" encoding="UTF-8"?>
<!-- Generated by org.testng.reporters.JUnitReportReporter -->
<testsuite hostname="DESKTOP-BP612FB" failures="0" tests="1" name="com.BootCamp.part1.Difficult_TestCases.LoginTest" time="6.412" errors="0" timestamp="2024-07-10T18:21:09 EDT" skipped="0">
  <testcase classname="com.BootCamp.part1.Difficult_TestCases.LoginTest" name="loginWithValidCredentials" time="6.412"/>
</testsuite> <!-- com.BootCamp.part1.Difficult_TestCases.LoginTest -->
