<?xml version="1.0" encoding="UTF-8"?>
<!-- Generated by org.testng.reporters.JUnitReportReporter -->
<testsuite hostname="DESKTOP-BP612FB" failures="0" tests="1" name="com.BootCamp.part1.Difficult_TestCases.RegisterTest" time="8.226" errors="0" timestamp="2024-07-15T22:43:17 EDT" skipped="0">
  <testcase classname="com.BootCamp.part1.Difficult_TestCases.RegisterTest" name="validRegisterCredentials" time="8.226"/>
</testsuite> <!-- com.BootCamp.part1.Difficult_TestCases.RegisterTest -->
